<?xml version="1.0" encoding="UTF-8"?>
<testsuite name="com.bridgelabz.NIOFileAPITest" tests="1" skipped="0" failures="0" errors="0" timestamp="2022-04-11T05:53:21" hostname="LAPTOP-BGR4HLJ8" time="0.098">
  <properties/>
  <testcase name="givenPathWhenCheckedThenConfirm()" classname="com.bridgelabz.NIOFileAPITest" time="0.098"/>
  <system-out><![CDATA[C:\Users\lenovo\TempPlayGround\temp0
C:\Users\lenovo\TempPlayGround\temp1
C:\Users\lenovo\TempPlayGround\temp2
C:\Users\lenovo\TempPlayGround\temp3
C:\Users\lenovo\TempPlayGround\temp4
C:\Users\lenovo\TempPlayGround\temp5
C:\Users\lenovo\TempPlayGround\temp6
C:\Users\lenovo\TempPlayGround\temp7
C:\Users\lenovo\TempPlayGround\temp8
C:\Users\lenovo\TempPlayGround\temp9
C:\Users\lenovo\TempPlayGround\temp0
C:\Users\lenovo\TempPlayGround\temp1
C:\Users\lenovo\TempPlayGround\temp2
C:\Users\lenovo\TempPlayGround\temp3
C:\Users\lenovo\TempPlayGround\temp4
C:\Users\lenovo\TempPlayGround\temp5
C:\Users\lenovo\TempPlayGround\temp6
C:\Users\lenovo\TempPlayGround\temp7
C:\Users\lenovo\TempPlayGround\temp8
C:\Users\lenovo\TempPlayGround\temp9
]]></system-out>
  <system-err><![CDATA[]]></system-err>
</testsuite>
